root - INFO - Searching for the best hyperparameter for LogisticRegressio
root - INFO - ********* Best parameters found ***********
root - INFO - BEST PARAMS: {'C': 0.01}
root - INFO - Model saved to disk: ../model
root - INFO - Classification target labels: [' <=50K', ' >50K']
root - INFO - precision:0.713, recall:0.263, fbeta:0.384
root - INFO - Performance on slice workclass
root - INFO -      feature     feature value n_samples precision    recall     fbeta
0  workclass           Private      4523  0.696133  0.258197  0.376682
1  workclass                 ?       330  0.565217  0.371429  0.448276
2  workclass         Local-gov       452  0.648649  0.175182  0.275862
3  workclass  Self-emp-not-inc       505  0.683333  0.278912  0.396135
4  workclass       Federal-gov       214  0.681818  0.202703    0.3125
5  workclass         State-gov       258      0.84  0.247059  0.381818
6  workclass      Self-emp-inc       223  0.938776  0.403509  0.564417
7  workclass      Never-worked         2       1.0       1.0       1.0
8  workclass       Without-pay         6       1.0       1.0       1.0
root - INFO - Performance on slice education
root - INFO -       feature feature value n_samples precision    recall     fbeta
0   education  Some-college      1466  0.646465  0.257028  0.367816
1   education       HS-grad      2115  0.514085  0.210375  0.298569
2   education     Bachelors      1081  0.835526  0.278509  0.417763
3   education           9th       104       0.0       0.0       1.0
4   education       Masters       335  0.912281   0.26943     0.416
5   education     Preschool        16       0.0       1.0       0.0
6   education          10th       174       0.5  0.272727  0.352941
7   education    Assoc-acdm       222  0.695652  0.266667  0.385542
8   education     Assoc-voc       258  0.826087  0.275362  0.413043
9   education          12th        80  0.666667       0.4       0.5
10  education          11th       246  0.571429  0.266667  0.363636
11  education     Doctorate        91      0.95  0.275362  0.426966
12  education       7th-8th       134  0.333333  0.222222  0.266667
13  education   Prof-school       107    0.9375  0.384615  0.545455
14  education       5th-6th        59  0.333333       0.5       0.4
15  education       1st-4th        25       0.0       1.0       0.0
root - INFO - Performance on slice marital-status
root - INFO -           feature          feature value n_samples precision    recall     fbeta
0  marital-status     Married-civ-spouse      3034  0.807425  0.255132  0.387744
1  marital-status              Separated       212  0.363636  0.285714      0.32
2  marital-status               Divorced       915  0.561404  0.336842  0.421053
3  marital-status          Never-married      2086  0.362319  0.308642  0.333333
4  marital-status  Married-spouse-absent        68       1.0       0.0       0.0
5  marital-status                Widowed       194       0.3  0.230769   0.26087
6  marital-status      Married-AF-spouse         4       1.0       1.0       1.0
root - INFO - Performance on slice occupation
root - INFO -        feature      feature value n_samples precision    recall     fbeta
0   occupation  Machine-op-inspct       422  0.482759  0.264151  0.341463
1   occupation                  ?       332  0.565217  0.371429  0.448276
2   occupation    Protective-serv       130  0.666667  0.153846      0.25
3   occupation    Exec-managerial       860  0.891304  0.288056  0.435398
4   occupation     Prof-specialty       804  0.881356  0.281843  0.427105
5   occupation              Sales       696    0.8125  0.272251  0.407843
6   occupation   Transport-moving       341  0.590909  0.178082  0.273684
7   occupation       Tech-support       171       0.6    0.1875  0.285714
8   occupation  Handlers-cleaners       299  0.454545  0.294118  0.357143
9   occupation       Adm-clerical       785  0.438596  0.238095  0.308642
10  occupation      Other-service       672  0.214286  0.111111  0.146341
11  occupation       Craft-repair       779  0.629032  0.242236  0.349776
12  occupation    Farming-fishing       190     0.375  0.272727  0.315789
13  occupation       Armed-Forces         3       1.0       0.0       0.0
14  occupation    Priv-house-serv        29       1.0       1.0       1.0
root - INFO - Performance on slice relationship
root - INFO -         feature   feature value n_samples precision    recall     fbeta
0  relationship         Husband      2666  0.805851  0.255696  0.388213
1  relationship   Not-in-family      1601  0.483146  0.304965  0.373913
2  relationship            Wife       315  0.816327  0.242424  0.373832
3  relationship       Unmarried       705  0.432432      0.32  0.367816
4  relationship       Own-child      1021    0.1875  0.214286       0.2
5  relationship  Other-relative       205  0.636364  0.538462  0.583333
root - INFO - Performance on slice race
root - INFO -   feature       feature value n_samples precision    recall     fbeta
0    race               Black       630  0.666667   0.25974  0.373832
1    race               White      5553  0.728489   0.26662  0.390369
2    race               Other        61      0.25       0.2  0.222222
3    race  Amer-Indian-Eskimo        66       0.4      0.25  0.307692
4    race  Asian-Pac-Islander       203       0.5  0.163265  0.246154
root - INFO - Performance on slice sex
root - INFO -   feature feature value n_samples precision    recall     fbeta
0     sex          Male      4356  0.760776  0.266616  0.394855
1     sex        Female      2157  0.517544  0.241803  0.329609
root - INFO - Performance on slice native-country
root - INFO -            feature               feature value n_samples precision    recall     fbeta
0   native-country               United-States      5838  0.717514  0.266434  0.388577
1   native-country                    Columbia        11       0.0       0.0       1.0
2   native-country                     England        26       1.0     0.125  0.222222
3   native-country                 El-Salvador        17       1.0       1.0       1.0
4   native-country                    Cambodia         4       0.0       0.0       1.0
5   native-country                           ?       125  0.818182  0.272727  0.409091
6   native-country                        Peru         7       1.0       0.0       0.0
7   native-country                       China        16       0.0       0.0       1.0
8   native-country                      Mexico       118      0.75       0.3  0.428571
9   native-country                 Puerto-Rico        28       1.0      0.25       0.4
10  native-country                     Ireland         6       1.0       0.0       0.0
11  native-country          Dominican-Republic        14       1.0       1.0       1.0
12  native-country                      Canada        22  0.666667  0.285714       0.4
13  native-country                  Yugoslavia         7       1.0       0.5  0.666667
14  native-country                        Cuba        20       1.0       0.0       0.0
15  native-country                   Nicaragua         8       1.0       0.0       0.0
16  native-country                     Germany        25       1.0  0.333333       0.5
17  native-country                      Taiwan         8       1.0  0.333333       0.5
18  native-country                     Jamaica        15       1.0       1.0       1.0
19  native-country                       India        20       0.5  0.285714  0.363636
20  native-country                      France        10       1.0       0.2  0.333333
21  native-country                 Philippines        34       1.0       0.2  0.333333
22  native-country                     Ecuador         9       1.0       1.0       1.0
23  native-country             Trinadad&Tobago         3       1.0       1.0       1.0
24  native-country                    Honduras         1       1.0       1.0       1.0
25  native-country                       South        17       0.0       0.0       1.0
26  native-country                        Iran         9       1.0  0.333333       0.5
27  native-country                       Italy        12       0.0       0.0       1.0
28  native-country                       Japan        11       1.0  0.333333       0.5
29  native-country                   Guatemala         9       1.0       0.0       0.0
30  native-country                      Poland        10       0.0       1.0       0.0
31  native-country                    Portugal        11       0.0       0.0       1.0
32  native-country                     Hungary         2       1.0       0.0       0.0
33  native-country                     Vietnam        14       0.0       0.0       1.0
34  native-country  Outlying-US(Guam-USVI-etc)         1       1.0       1.0       1.0
35  native-country                       Haiti        11       1.0       1.0       1.0
36  native-country                      Greece         3       1.0       1.0       1.0
37  native-country                        Laos         2       1.0       1.0       1.0
38  native-country                        Hong         5       1.0       0.0       0.0
39  native-country                    Scotland         3       1.0       1.0       1.0
40  native-country                    Thailand         1       1.0       1.0       1.0
